  Assembling test.asm...
test.asm(1): error A2008: syntax error : .
test.asm(2): error A2008: syntax error : .
drd.inc(5): error A2008: syntax error : wdth
test.asm(10): error A2008: syntax error : invoke
test.asm(12): error A2008: syntax error : main
test.asm(12): error A2088: END directive required at end of file
C:\Program Files (x86)\MSBuild\Microsoft.Cpp\v4.0\V140\BuildCustomizations\masm.targets(50,5): error MSB3721: The command "ml64.exe /c /nologo /Zi /Fo"x64\Debug\test.obj" /W3 /errorReport:prompt  /Tatest.asm" exited with code 1.
